2020-11-08T01:41:54.804+0530 INFO Starting CommonStepDef on SYPULBLMXXZ2 with PID 8008 (started by Systems in C:\Users\Systems\Documents\alphasenseAssignment\alphasenseAssignment)
2020-11-08T01:41:54.812+0530 DEBUG Running with Spring Boot v2.3.5.RELEASE, Spring v5.2.10.RELEASE
2020-11-08T01:41:54.813+0530 INFO No active profile set, falling back to default profiles: default
2020-11-08T01:41:56.133+0530 INFO Started CommonStepDef in 1.593 seconds (JVM running for 3.474)
2020-11-08T01:41:56.210+0530 INFO Tag Id list is :: [13, 14]
2020-11-08T01:41:56.211+0530 INFO Tag Name list is :: [myTag1, myTag2]
2020-11-08T01:41:59.427+0530 INFO Pet added successfully
2020-11-08T01:42:00.988+0530 INFO Pet ordered successfully
2020-11-08T01:42:01.050+0530 INFO Order details :: OrderPet{id=1, petId=15, quantity=2, shipDate='2020-11-07T14:43:02.354+0000', status='placed', complete=true}
2020-11-08T01:43:01.826+0530 INFO Starting CommonStepDef on SYPULBLMXXZ2 with PID 16280 (started by Systems in C:\Users\Systems\Documents\alphasenseAssignment\alphasenseAssignment)
2020-11-08T01:43:01.834+0530 DEBUG Running with Spring Boot v2.3.5.RELEASE, Spring v5.2.10.RELEASE
2020-11-08T01:43:01.834+0530 INFO No active profile set, falling back to default profiles: default
2020-11-08T01:43:03.103+0530 INFO Started CommonStepDef in 1.597 seconds (JVM running for 3.711)
2020-11-08T01:43:03.184+0530 INFO Tag Id list is :: [13, 14]
2020-11-08T01:43:03.186+0530 INFO Tag Name list is :: [myTag1, myTag2]
2020-11-08T01:43:06.399+0530 INFO Pet added successfully
2020-11-08T01:43:07.959+0530 INFO Pet ordered successfully
2020-11-08T01:43:08.037+0530 INFO Order details :: OrderPet{id=1, petId=15, quantity=2, shipDate='2020-11-07T14:43:02.354+0000', status='placed', complete=true}
2020-11-08T01:50:47.316+0530 INFO Starting CommonStepDef on SYPULBLMXXZ2 with PID 9352 (started by Systems in C:\Users\Systems\Documents\alphasenseAssignment\alphasenseAssignment)
2020-11-08T01:50:47.327+0530 DEBUG Running with Spring Boot v2.3.5.RELEASE, Spring v5.2.10.RELEASE
2020-11-08T01:50:47.328+0530 INFO No active profile set, falling back to default profiles: default
2020-11-08T01:50:48.582+0530 INFO Started CommonStepDef in 1.572 seconds (JVM running for 3.923)
2020-11-08T01:50:48.820+0530 INFO Tag Id list is :: [13, 14]
2020-11-08T01:50:48.820+0530 INFO Tag Name list is :: [myTag1, myTag2]
2020-11-08T01:50:52.012+0530 INFO Pet added successfully
2020-11-08T01:50:53.566+0530 INFO Pet ordered successfully
2020-11-08T01:50:53.629+0530 INFO Order details :: OrderPet{id=1, petId=15, quantity=2, shipDate='2020-11-07T14:43:02.354+0000', status='placed', complete=true}
2020-11-08T02:08:14.412+0530 INFO Starting CommonStepDef on SYPULBLMXXZ2 with PID 8920 (started by Systems in C:\Users\Systems\Documents\alphasenseAssignment\alphasenseAssignment)
2020-11-08T02:08:14.421+0530 DEBUG Running with Spring Boot v2.3.5.RELEASE, Spring v5.2.10.RELEASE
2020-11-08T02:08:14.421+0530 INFO No active profile set, falling back to default profiles: default
2020-11-08T02:08:15.636+0530 INFO Started CommonStepDef in 1.505 seconds (JVM running for 3.613)
2020-11-08T02:08:15.751+0530 INFO Tag Id list is :: [13, 14]
2020-11-08T02:08:15.752+0530 INFO Tag Name list is :: [myTag1, myTag2]
2020-11-08T02:08:18.924+0530 INFO Pet added successfully
2020-11-08T02:08:20.429+0530 INFO Pet ordered successfully
2020-11-08T02:08:20.521+0530 INFO Order details :: OrderPet{id=1, petId=15, quantity=2, shipDate='2020-11-07T14:43:02.354+0000', status='placed', complete=true}
2020-11-08T02:12:42.976+0530 INFO Starting CommonStepDef on SYPULBLMXXZ2 with PID 3012 (started by Systems in C:\Users\Systems\Documents\alphasenseAssignment\alphasenseAssignment)
2020-11-08T02:12:42.981+0530 DEBUG Running with Spring Boot v2.3.5.RELEASE, Spring v5.2.10.RELEASE
2020-11-08T02:12:42.982+0530 INFO No active profile set, falling back to default profiles: default
2020-11-08T02:12:44.244+0530 INFO Started CommonStepDef in 1.568 seconds (JVM running for 3.366)
2020-11-08T02:12:44.374+0530 INFO Tag Id list is :: [13, 14]
2020-11-08T02:12:44.374+0530 INFO Tag Name list is :: [myTag1, myTag2]
2020-11-08T02:12:47.626+0530 INFO Pet added successfully
2020-11-08T02:12:49.193+0530 INFO Pet ordered successfully
2020-11-08T02:12:49.241+0530 INFO Order details :: OrderPet{id=1, petId=15, quantity=2, shipDate='2020-11-07T14:43:02.354+0000', status='placed', complete=true}
2020-11-08T02:14:14.100+0530 INFO Starting CommonStepDef on SYPULBLMXXZ2 with PID 9536 (started by Systems in C:\Users\Systems\Documents\alphasenseAssignment\alphasenseAssignment)
2020-11-08T02:14:14.104+0530 DEBUG Running with Spring Boot v2.3.5.RELEASE, Spring v5.2.10.RELEASE
2020-11-08T02:14:14.105+0530 INFO No active profile set, falling back to default profiles: default
2020-11-08T02:14:15.319+0530 INFO Started CommonStepDef in 1.505 seconds (JVM running for 3.248)
2020-11-08T02:14:15.445+0530 INFO Tag Id list is :: [13, 14]
2020-11-08T02:14:15.445+0530 INFO Tag Name list is :: [myTag1, myTag2]
2020-11-08T02:14:18.976+0530 INFO Pet added successfully
2020-11-08T02:14:20.534+0530 INFO Pet ordered successfully
2020-11-08T02:14:20.584+0530 INFO Order details :: OrderPet{id=1, petId=15, quantity=2, shipDate='2020-11-07T14:43:02.354+0000', status='placed', complete=true}
2020-11-08T02:15:16.174+0530 INFO Starting CommonStepDef on SYPULBLMXXZ2 with PID 17216 (started by Systems in C:\Users\Systems\Documents\alphasenseAssignment\alphasenseAssignment)
2020-11-08T02:15:16.184+0530 DEBUG Running with Spring Boot v2.3.5.RELEASE, Spring v5.2.10.RELEASE
2020-11-08T02:15:16.185+0530 INFO No active profile set, falling back to default profiles: default
2020-11-08T02:15:17.419+0530 INFO Started CommonStepDef in 1.522 seconds (JVM running for 3.285)
2020-11-08T02:15:17.546+0530 INFO Tag Id list is :: [13, 14]
2020-11-08T02:15:17.546+0530 INFO Tag Name list is :: [myTag1, myTag2]
2020-11-08T02:15:20.646+0530 INFO Pet added successfully
2020-11-08T02:15:20.695+0530 INFO Tag Id list is :: [13, 14]
2020-11-08T02:15:20.695+0530 INFO Tag Name list is :: [myTag1, myTag2]
2020-11-08T02:15:22.742+0530 INFO Pet added successfully
2020-11-08T02:15:24.636+0530 INFO Pet removed successfully
2020-11-08T02:15:24.650+0530 INFO Tag Id list is :: [13, 14]
2020-11-08T02:15:24.651+0530 INFO Tag Name list is :: [myTag1, myTag2]
2020-11-08T02:15:26.069+0530 INFO Pet added successfully
2020-11-08T02:15:27.605+0530 INFO Pet ordered successfully
2020-11-08T02:15:27.646+0530 INFO Order details :: OrderPet{id=1, petId=15, quantity=2, shipDate='2020-11-07T14:43:02.354+0000', status='placed', complete=true}
2020-11-08T02:16:55.313+0530 INFO Starting CommonStepDef on SYPULBLMXXZ2 with PID 6828 (started by Systems in C:\Users\Systems\Documents\alphasenseAssignment\alphasenseAssignment)
2020-11-08T02:16:55.319+0530 DEBUG Running with Spring Boot v2.3.5.RELEASE, Spring v5.2.10.RELEASE
2020-11-08T02:16:55.320+0530 INFO No active profile set, falling back to default profiles: default
2020-11-08T02:16:56.623+0530 INFO Started CommonStepDef in 1.595 seconds (JVM running for 3.348)
2020-11-08T02:16:56.786+0530 INFO Tag Id list is :: [13, 14]
2020-11-08T02:16:56.787+0530 INFO Tag Name list is :: [myTag1, myTag2]
2020-11-08T02:17:01.181+0530 INFO Pet added successfully
2020-11-08T02:17:01.223+0530 INFO Tag Id list is :: [13, 14]
2020-11-08T02:17:01.224+0530 INFO Tag Name list is :: [myTag1, myTag2]
2020-11-08T02:17:02.633+0530 INFO Pet added successfully
2020-11-08T02:17:03.985+0530 INFO Pet removed successfully
2020-11-08T02:17:04.012+0530 INFO Tag Id list is :: [13, 14]
2020-11-08T02:17:04.013+0530 INFO Tag Name list is :: [myTag1, myTag2]
2020-11-08T02:17:05.205+0530 INFO Pet added successfully
2020-11-08T02:17:06.341+0530 INFO Pet ordered successfully
2020-11-08T02:17:06.429+0530 INFO Order details :: OrderPet{id=1, petId=15, quantity=2, shipDate='2020-11-07T14:43:02.354+0000', status='placed', complete=true}
